<?xml version="1.0" encoding="UTF-8"?>
<!-- Generated by org.testng.reporters.JUnitXMLReporter -->
<testsuite ignored="0" hostname="LAPTOP-6UNNJK9Q" failures="2" tests="7" name="Default test" time="133.357" errors="0" timestamp="28 Feb 2021 07:30:57 GMT">
  <testcase classname="com.FindingHospital.testCases.Homepage" name="verifyHomePageTitle" time="4.875"/>
  <testcase classname="com.FindingHospital.testCases.Homepage" name="city" time="0.854"/>
  <testcase classname="com.FindingHospital.testCases.Homepage" name="searchhospital" time="4.263"/>
  <testcase classname="com.FindingHospital.testCases.Homepage" name="callHospitalSearch" time="66.3">
    <failure type="java.lang.NoSuchMethodError" message="&amp;apos;long org.apache.poi.util.IOUtils.copy(java.io.InputStream, java.io.OutputStream)&amp;apos;">
      <![CDATA[java.lang.NoSuchMethodError: 'long org.apache.poi.util.IOUtils.copy(java.io.InputStream, java.io.OutputStream)'
at org.apache.poi.openxml4j.opc.internal.marshallers.ZipPartMarshaller.marshall(ZipPartMarshaller.java:84)
at org.apache.poi.openxml4j.opc.internal.MemoryPackagePart.save(MemoryPackagePart.java:112)
at org.apache.poi.openxml4j.opc.internal.marshallers.DefaultMarshaller.marshall(DefaultMarshaller.java:43)
at org.apache.poi.openxml4j.opc.ZipPackage.saveImpl(ZipPackage.java:539)
at org.apache.poi.openxml4j.opc.OPCPackage.save(OPCPackage.java:1489)
at org.apache.poi.ooxml.POIXMLDocument.write(POIXMLDocument.java:242)
at com.FindingHospital.testCases.HospitalSearch.displayHospitalNames(HospitalSearch.java:145)
at com.FindingHospital.testCases.Homepage.callHospitalSearch(Homepage.java:174)
at java.base/jdk.internal.reflect.NativeMethodAccessorImpl.invoke0(Native Method)
at java.base/jdk.internal.reflect.NativeMethodAccessorImpl.invoke(NativeMethodAccessorImpl.java:64)
at java.base/jdk.internal.reflect.DelegatingMethodAccessorImpl.invoke(DelegatingMethodAccessorImpl.java:43)
at java.base/java.lang.reflect.Method.invoke(Method.java:564)
at org.testng.internal.MethodInvocationHelper.invokeMethod(MethodInvocationHelper.java:124)
at org.testng.internal.Invoker.invokeMethod(Invoker.java:583)
at org.testng.internal.Invoker.invokeTestMethod(Invoker.java:719)
at org.testng.internal.Invoker.invokeTestMethods(Invoker.java:989)
at org.testng.internal.TestMethodWorker.invokeTestMethods(TestMethodWorker.java:125)
at org.testng.internal.TestMethodWorker.run(TestMethodWorker.java:109)
at org.testng.TestRunner.privateRun(TestRunner.java:648)
at org.testng.TestRunner.run(TestRunner.java:505)
at org.testng.SuiteRunner.runTest(SuiteRunner.java:455)
at org.testng.SuiteRunner.runSequentially(SuiteRunner.java:450)
at org.testng.SuiteRunner.privateRun(SuiteRunner.java:415)
at org.testng.SuiteRunner.run(SuiteRunner.java:364)
at org.testng.SuiteRunnerWorker.runSuite(SuiteRunnerWorker.java:52)
at org.testng.SuiteRunnerWorker.run(SuiteRunnerWorker.java:84)
at org.testng.TestNG.runSuitesSequentially(TestNG.java:1208)
at org.testng.TestNG.runSuitesLocally(TestNG.java:1137)
at org.testng.TestNG.runSuites(TestNG.java:1049)
at org.testng.TestNG.run(TestNG.java:1017)
at org.testng.remote.AbstractRemoteTestNG.run(AbstractRemoteTestNG.java:115)
at org.testng.remote.RemoteTestNG.initAndRun(RemoteTestNG.java:251)
at org.testng.remote.RemoteTestNG.main(RemoteTestNG.java:77)
]]>
    </failure>
  </testcase> <!-- callHospitalSearch -->
  <testcase classname="com.FindingHospital.testCases.Homepage" name="callDiagnosispage" time="17.996">
    <failure type="java.lang.NoSuchMethodError" message="&amp;apos;long org.apache.poi.util.IOUtils.copy(java.io.InputStream, java.io.OutputStream)&amp;apos;">
      <![CDATA[java.lang.NoSuchMethodError: 'long org.apache.poi.util.IOUtils.copy(java.io.InputStream, java.io.OutputStream)'
at org.apache.poi.openxml4j.opc.internal.marshallers.ZipPartMarshaller.marshall(ZipPartMarshaller.java:84)
at org.apache.poi.openxml4j.opc.internal.MemoryPackagePart.save(MemoryPackagePart.java:112)
at org.apache.poi.openxml4j.opc.internal.marshallers.DefaultMarshaller.marshall(DefaultMarshaller.java:43)
at org.apache.poi.openxml4j.opc.ZipPackage.saveImpl(ZipPackage.java:539)
at org.apache.poi.openxml4j.opc.OPCPackage.save(OPCPackage.java:1489)
at org.apache.poi.ooxml.POIXMLDocument.write(POIXMLDocument.java:242)
at com.FindingHospital.testCases.Diagnosispage.Top_cities(Diagnosispage.java:81)
at com.FindingHospital.testCases.Homepage.callDiagnosispage(Homepage.java:195)
at java.base/jdk.internal.reflect.NativeMethodAccessorImpl.invoke0(Native Method)
at java.base/jdk.internal.reflect.NativeMethodAccessorImpl.invoke(NativeMethodAccessorImpl.java:64)
at java.base/jdk.internal.reflect.DelegatingMethodAccessorImpl.invoke(DelegatingMethodAccessorImpl.java:43)
at java.base/java.lang.reflect.Method.invoke(Method.java:564)
at org.testng.internal.MethodInvocationHelper.invokeMethod(MethodInvocationHelper.java:124)
at org.testng.internal.Invoker.invokeMethod(Invoker.java:583)
at org.testng.internal.Invoker.invokeTestMethod(Invoker.java:719)
at org.testng.internal.Invoker.invokeTestMethods(Invoker.java:989)
at org.testng.internal.TestMethodWorker.invokeTestMethods(TestMethodWorker.java:125)
at org.testng.internal.TestMethodWorker.run(TestMethodWorker.java:109)
at org.testng.TestRunner.privateRun(TestRunner.java:648)
at org.testng.TestRunner.run(TestRunner.java:505)
at org.testng.SuiteRunner.runTest(SuiteRunner.java:455)
at org.testng.SuiteRunner.runSequentially(SuiteRunner.java:450)
at org.testng.SuiteRunner.privateRun(SuiteRunner.java:415)
at org.testng.SuiteRunner.run(SuiteRunner.java:364)
at org.testng.SuiteRunnerWorker.runSuite(SuiteRunnerWorker.java:52)
at org.testng.SuiteRunnerWorker.run(SuiteRunnerWorker.java:84)
at org.testng.TestNG.runSuitesSequentially(TestNG.java:1208)
at org.testng.TestNG.runSuitesLocally(TestNG.java:1137)
at org.testng.TestNG.runSuites(TestNG.java:1049)
at org.testng.TestNG.run(TestNG.java:1017)
at org.testng.remote.AbstractRemoteTestNG.run(AbstractRemoteTestNG.java:115)
at org.testng.remote.RemoteTestNG.initAndRun(RemoteTestNG.java:251)
at org.testng.remote.RemoteTestNG.main(RemoteTestNG.java:77)
]]>
    </failure>
  </testcase> <!-- callDiagnosispage -->
  <testcase classname="com.FindingHospital.testCases.Homepage" name="callCorporateWellness" time="37.42"/>
  <testcase classname="com.FindingHospital.testCases.Homepage" name="CloseBrowser" time="1.595"/>
</testsuite> <!-- Default test -->
